<?xml version="1.0" encoding="UTF-8"?>
<testng-results ignored="0" total="1" passed="1" failed="0" skipped="0">
  <reporter-output>
  </reporter-output>
  <suite started-at="2024-02-19T18:53:23 IST" name="Default suite" finished-at="2024-02-19T18:53:35 IST" duration-ms="11411">
    <groups>
    </groups>
    <test started-at="2024-02-19T18:53:23 IST" name="Default test" finished-at="2024-02-19T18:53:35 IST" duration-ms="11411">
      <class name="Practice_Locators.StandaloneTestE2E">
        <test-method signature="eCommE2E()[pri:0, instance:Practice_Locators.StandaloneTestE2E@2e3967ea]" started-at="2024-02-19T18:53:23 IST" name="eCommE2E" finished-at="2024-02-19T18:53:35 IST" duration-ms="11336" status="PASS">
          <reporter-output>
          </reporter-output>
        </test-method> <!-- eCommE2E -->
      </class> <!-- Practice_Locators.StandaloneTestE2E -->
    </test> <!-- Default test -->
  </suite> <!-- Default suite -->
</testng-results>
